Using pre-set license
Built from '6000.0/staging' branch; Version is '6000.0.37f1 (090b7797214c) revision 592759'; Using compiler version '193933523'; Build Type 'Release'
OS: 'Windows 11  (10.0.26100) 64bit CoreSingleLanguage' Language: 'en' Physical Memory: 16052 MB
BatchMode: 1, IsHumanControllingUs: 0, StartBugReporterOnCrash: 0, Is64bit: 1, IsPro: 1

COMMAND LINE ARGUMENTS:
C:\Program Files\Unity\Hub\Editor\6000.0.37f1\Editor\Unity.exe
-adb2
-batchMode
-noUpm
-name
AssetImportWorker4
-projectPath
C:/Unity Repositories/ARProject/ARProject
-logFile
Logs/AssetImportWorker4.log
-srvPort
61607
-job-worker-count
5
-background-job-worker-count
8
-gc-helper-count
1
Successfully changed project path to: C:/Unity Repositories/ARProject/ARProject
C:/Unity Repositories/ARProject/ARProject
[UnityMemory] Configuration Parameters - Can be set up in boot.config
    "memorysetup-bucket-allocator-granularity=16"
    "memorysetup-bucket-allocator-bucket-count=8"
    "memorysetup-bucket-allocator-block-size=33554432"
    "memorysetup-bucket-allocator-block-count=8"
    "memorysetup-main-allocator-block-size=16777216"
    "memorysetup-thread-allocator-block-size=16777216"
    "memorysetup-gfx-main-allocator-block-size=16777216"
    "memorysetup-gfx-thread-allocator-block-size=16777216"
    "memorysetup-cache-allocator-block-size=4194304"
    "memorysetup-typetree-allocator-block-size=2097152"
    "memorysetup-profiler-bucket-allocator-granularity=16"
    "memorysetup-profiler-bucket-allocator-bucket-count=8"
    "memorysetup-profiler-bucket-allocator-block-size=33554432"
    "memorysetup-profiler-bucket-allocator-block-count=8"
    "memorysetup-profiler-allocator-block-size=16777216"
    "memorysetup-profiler-editor-allocator-block-size=1048576"
    "memorysetup-temp-allocator-size-main=16777216"
    "memorysetup-job-temp-allocator-block-size=2097152"
    "memorysetup-job-temp-allocator-block-size-background=1048576"
    "memorysetup-job-temp-allocator-reduction-small-platforms=262144"
    "memorysetup-allocator-temp-initial-block-size-main=262144"
    "memorysetup-allocator-temp-initial-block-size-worker=262144"
    "memorysetup-temp-allocator-size-background-worker=32768"
    "memorysetup-temp-allocator-size-job-worker=262144"
    "memorysetup-temp-allocator-size-preload-manager=33554432"
    "memorysetup-temp-allocator-size-nav-mesh-worker=65536"
    "memorysetup-temp-allocator-size-audio-worker=65536"
    "memorysetup-temp-allocator-size-cloud-worker=32768"
    "memorysetup-temp-allocator-size-gi-baking-worker=262144"
    "memorysetup-temp-allocator-size-gi-baking-worker=262144"
    "memorysetup-temp-allocator-size-gi-baking-worker=262144"
    "memorysetup-temp-allocator-size-gi-baking-worker=262144"
    "memorysetup-temp-allocator-size-gi-baking-worker=262144"
    "memorysetup-temp-allocator-size-gfx=262144"
Player connection [10584]  Target information:

Player connection [10584]  * "[IP] 192.168.0.5 [Port] 0 [Flags] 2 [Guid] 2044864203 [EditorId] 2044864203 [Version] 1048832 [Id] WindowsEditor(7,LAPTOP-I8S3QR8L) [Debug] 1 [PackageName] WindowsEditor [ProjectName] Editor" 

Player connection [10584] Host joined multi-casting on [225.0.0.222:54997]...
Player connection [10584] Host joined alternative multi-casting on [225.0.0.222:34997]...
JobSystem: Creating JobQueue using job-worker-count value 5
Input System module state changed to: Initialized.
[Physics::Module] Initialized fallback backend.
[Physics::Module] Id: 0xdecafbad
Library Redirect Path: Library/
[Physics::Module] Selected backend.
[Physics::Module] Name: PhysX
[Physics::Module] Id: 0xf2b8ea05
[Physics::Module] SDK Version: 4.1.2
[Physics::Module] Integration Version: 1.0.0
[Physics::Module] Threading Mode: Multi-Threaded
Refreshing native plugins compatible for Editor in 20.17 ms, found 6 plugins.
Preloading 2 native plugins for Editor in 5.05 ms.
Initialize engine version: 6000.0.37f1 (090b7797214c)
[Subsystems] Discovering subsystems at path C:/Program Files/Unity/Hub/Editor/6000.0.37f1/Editor/Data/Resources/UnitySubsystems
[Subsystems] Discovering subsystems at path C:/Unity Repositories/ARProject/ARProject/Assets
GfxDevice: creating device client; kGfxThreadingModeNonThreaded
Direct3D:
    Version:  Direct3D 11.0 [level 11.1]
    Renderer: NVIDIA GeForce RTX 3050 Laptop GPU (ID=0x25a2)
    Vendor:   NVIDIA
    VRAM:     3964 MB
    Driver:   32.0.15.6119
Initialize mono
Mono path[0] = 'C:/Program Files/Unity/Hub/Editor/6000.0.37f1/Editor/Data/Managed'
Mono path[1] = 'C:/Program Files/Unity/Hub/Editor/6000.0.37f1/Editor/Data/MonoBleedingEdge/lib/mono/unityjit-win32'
Mono config path = 'C:/Program Files/Unity/Hub/Editor/6000.0.37f1/Editor/Data/MonoBleedingEdge/etc'
Using monoOptions --debugger-agent=transport=dt_socket,embedding=1,server=y,suspend=n,address=127.0.0.1:56464
Begin MonoManager ReloadAssembly
Registering precompiled unity dll's ...
Register platform support module: C:/Program Files/Unity/Hub/Editor/6000.0.37f1/Editor/Data/PlaybackEngines/WindowsStandaloneSupport/UnityEditor.WindowsStandalone.Extensions.dll
Register platform support module: C:/Program Files/Unity/Hub/Editor/6000.0.37f1/Editor/Data/PlaybackEngines/AndroidPlayer/UnityEditor.Android.Extensions.dll
Register platform support module: C:/Program Files/Unity/Hub/Editor/6000.0.37f1/Editor/Data/PlaybackEngines/iOSSupport/UnityEditor.iOS.Extensions.dll
Registered in 0.006899 seconds.
- Loaded All Assemblies, in  0.584 seconds
[usbmuxd] Start listen thread
[usbmuxd] Listen thread started
Native extension for iOS target not found
Native extension for Android target not found
Android Extension - Scanning For ADB Devices 360 ms
Native extension for WindowsStandalone target not found
Mono: successfully reloaded assembly
- Finished resetting the current domain, in  0.899 seconds
Domain Reload Profiling: 1480ms
	BeginReloadAssembly (184ms)
		ExecutionOrderSort (0ms)
		DisableScriptedObjects (0ms)
		BackupInstance (0ms)
		ReleaseScriptingObjects (0ms)
		CreateAndSetChildDomain (1ms)
	RebuildCommonClasses (53ms)
	RebuildNativeTypeToScriptingClass (14ms)
	initialDomainReloadingComplete (72ms)
	LoadAllAssembliesAndSetupDomain (256ms)
		LoadAssemblies (183ms)
		RebuildTransferFunctionScriptingTraits (0ms)
		AnalyzeDomain (250ms)
			TypeCache.Refresh (248ms)
				TypeCache.ScanAssembly (228ms)
			BuildScriptInfoCaches (0ms)
			ResolveRequiredComponents (1ms)
	FinalizeReload (900ms)
		ReleaseScriptCaches (0ms)
		RebuildScriptCaches (0ms)
		SetupLoadedEditorAssemblies (831ms)
			LogAssemblyErrors (0ms)
			InitializePlatformSupportModulesInManaged (532ms)
			SetLoadedEditorAssemblies (5ms)
			BeforeProcessingInitializeOnLoad (65ms)
			ProcessInitializeOnLoadAttributes (150ms)
			ProcessInitializeOnLoadMethodAttributes (78ms)
			AfterProcessingInitializeOnLoad (0ms)
			EditorAssembliesLoaded (0ms)
		ExecutionOrderSort2 (0ms)
		AwakeInstancesAfterBackupRestoration (0ms)
========================================================================
Worker process is ready to serve import requests
Import Worker Mode flag is 0x00
Begin MonoManager ReloadAssembly
Symbol file LoadedFromMemory is not a mono symbol file
- Loaded All Assemblies, in  1.353 seconds
Refreshing native plugins compatible for Editor in 11.26 ms, found 6 plugins.
Native extension for iOS target not found
Native extension for Android target not found
Native extension for WindowsStandalone target not found
Refreshing native plugins compatible for Editor in 7.67 ms, found 6 plugins.
Mono: successfully reloaded assembly
- Finished resetting the current domain, in  0.969 seconds
Domain Reload Profiling: 2309ms
	BeginReloadAssembly (260ms)
		ExecutionOrderSort (0ms)
		DisableScriptedObjects (9ms)
		BackupInstance (0ms)
		ReleaseScriptingObjects (0ms)
		CreateAndSetChildDomain (43ms)
	RebuildCommonClasses (61ms)
	RebuildNativeTypeToScriptingClass (17ms)
	initialDomainReloadingComplete (57ms)
	LoadAllAssembliesAndSetupDomain (944ms)
		LoadAssemblies (667ms)
		RebuildTransferFunctionScriptingTraits (0ms)
		AnalyzeDomain (432ms)
			TypeCache.Refresh (329ms)
				TypeCache.ScanAssembly (299ms)
			BuildScriptInfoCaches (82ms)
			ResolveRequiredComponents (16ms)
	FinalizeReload (970ms)
		ReleaseScriptCaches (0ms)
		RebuildScriptCaches (0ms)
		SetupLoadedEditorAssemblies (788ms)
			LogAssemblyErrors (0ms)
			InitializePlatformSupportModulesInManaged (23ms)
			SetLoadedEditorAssemblies (6ms)
			BeforeProcessingInitializeOnLoad (150ms)
			ProcessInitializeOnLoadAttributes (509ms)
			ProcessInitializeOnLoadMethodAttributes (92ms)
			AfterProcessingInitializeOnLoad (7ms)
			EditorAssembliesLoaded (0ms)
		ExecutionOrderSort2 (0ms)
		AwakeInstancesAfterBackupRestoration (6ms)
Launched and connected shader compiler UnityShaderCompiler.exe after 0.04 seconds
Refreshing native plugins compatible for Editor in 7.40 ms, found 6 plugins.
Preloading 2 native plugins for Editor in 0.20 ms.
Unloading 194 Unused Serialized files (Serialized files now loaded: 0)
Unloading 6776 unused Assets / (12.1 MB). Loaded Objects now: 7322.
Memory consumption went from 167.0 MB to 155.0 MB.
Total: 16.561200 ms (FindLiveObjects: 1.578000 ms CreateObjectMapping: 0.693100 ms MarkObjects: 7.232500 ms  DeleteObjects: 7.056200 ms)

========================================================================
Received Import Request.
  Time since last request: 40180.182260 seconds.
  path: Assets/ImageTargets/Pikachu.png
  artifactKey: Guid(39b2f67e7bd668a45b9edd600b9becfd) Importer(815301076,1909f56bfc062723c751e8b465ee728b)
Start importing Assets/ImageTargets/Pikachu.png using Guid(39b2f67e7bd668a45b9edd600b9becfd) Importer(815301076,1909f56bfc062723c751e8b465ee728b) (PreviewImporter) -> (artifact id: '22a302f94112a54fc7a7afe61e635bcf') in 0.1113465 seconds
Number of updated asset objects reloaded before import = 0Number of asset objects unloaded after import = 2

========================================================================
Received Import Request.
  Time since last request: 16.301914 seconds.
  path: Assets/ImageTargets/Toxtricity.png
  artifactKey: Guid(940db75d974ea57478f40d2a9430225c) Importer(815301076,1909f56bfc062723c751e8b465ee728b)
Start importing Assets/ImageTargets/Toxtricity.png using Guid(940db75d974ea57478f40d2a9430225c) Importer(815301076,1909f56bfc062723c751e8b465ee728b) (PreviewImporter) -> (artifact id: '590b680439072a99ae1020e7788d44fd') in 0.0339943 seconds
Number of updated asset objects reloaded before import = 0Number of asset objects unloaded after import = 2

========================================================================
Received Import Request.
  Time since last request: 13.318199 seconds.
  path: Assets/ImageTargets/Infernape.png
  artifactKey: Guid(f3a726058220e8c488d31678131fcac6) Importer(815301076,1909f56bfc062723c751e8b465ee728b)
Start importing Assets/ImageTargets/Infernape.png using Guid(f3a726058220e8c488d31678131fcac6) Importer(815301076,1909f56bfc062723c751e8b465ee728b) (PreviewImporter) -> (artifact id: '3315f64a5e8b725efdd7e674ef06da5c') in 0.0484715 seconds
Number of updated asset objects reloaded before import = 0Number of asset objects unloaded after import = 2

========================================================================
Received Import Request.
  Time since last request: 17.067210 seconds.
  path: Assets/ImageTargets/urshifu.png
  artifactKey: Guid(18939f1ef7a825c438f509835db9c9ff) Importer(815301076,1909f56bfc062723c751e8b465ee728b)
Start importing Assets/ImageTargets/urshifu.png using Guid(18939f1ef7a825c438f509835db9c9ff) Importer(815301076,1909f56bfc062723c751e8b465ee728b) (PreviewImporter) -> (artifact id: '7458545f630040ffd2454e4c11653063') in 0.0378228 seconds
Number of updated asset objects reloaded before import = 0Number of asset objects unloaded after import = 2

========================================================================
Received Import Request.
  Time since last request: 29.079591 seconds.
  path: Assets/Models/charizard_flying_animation
  artifactKey: Guid(40e4ad509168f7b40818e88996fa3b12) Importer(815301076,1909f56bfc062723c751e8b465ee728b)
Start importing Assets/Models/charizard_flying_animation using Guid(40e4ad509168f7b40818e88996fa3b12) Importer(815301076,1909f56bfc062723c751e8b465ee728b) (PreviewImporter) -> (artifact id: 'b813f399199e8af7c21c76e1fd0ef53f') in 0.001481 seconds
Number of updated asset objects reloaded before import = 0Number of asset objects unloaded after import = 0

========================================================================
Received Import Request.
  Time since last request: 6.099962 seconds.
  path: Assets/Models/Infernape
  artifactKey: Guid(aa9f1a9f401dd414494dc8d152865ae9) Importer(815301076,1909f56bfc062723c751e8b465ee728b)
Start importing Assets/Models/Infernape using Guid(aa9f1a9f401dd414494dc8d152865ae9) Importer(815301076,1909f56bfc062723c751e8b465ee728b) (PreviewImporter) -> (artifact id: '6ee9d215317c659f7167b5dc8eae2acd') in 0.0013211 seconds
Number of updated asset objects reloaded before import = 0Number of asset objects unloaded after import = 0

========================================================================
Received Import Request.
  Time since last request: 1.115068 seconds.
  path: Assets/Models/Infernape/scene.gltf
  artifactKey: Guid(442f7c1d212618347a787c64fa92553c) Importer(815301076,1909f56bfc062723c751e8b465ee728b)
Start importing Assets/Models/Infernape/scene.gltf using Guid(442f7c1d212618347a787c64fa92553c) Importer(815301076,1909f56bfc062723c751e8b465ee728b) (PreviewImporter) -> (artifact id: '5ba013c4652f414bad496ed4c52d706b') in 0.0017622 seconds
Number of updated asset objects reloaded before import = 0Number of asset objects unloaded after import = 1

========================================================================
Received Prepare
Begin MonoManager ReloadAssembly
Symbol file LoadedFromMemory is not a mono symbol file
- Loaded All Assemblies, in  1.291 seconds
Refreshing native plugins compatible for Editor in 7.50 ms, found 6 plugins.
Native extension for iOS target not found
Native extension for Android target not found
Native extension for WindowsStandalone target not found
Package Manager log level set to [2]
[Package Manager] Failed to launch server process. Reason: Unity was launched with the -noUpm command-line argument
[Package Manager] Unable to send message (not connected to server process).
[Package Manager] Cannot connect to Unity Package Manager local server
Mono: successfully reloaded assembly
- Finished resetting the current domain, in  0.974 seconds
Domain Reload Profiling: 2262ms
	BeginReloadAssembly (414ms)
		ExecutionOrderSort (0ms)
		DisableScriptedObjects (44ms)
		BackupInstance (0ms)
		ReleaseScriptingObjects (0ms)
		CreateAndSetChildDomain (78ms)
	RebuildCommonClasses (47ms)
	RebuildNativeTypeToScriptingClass (14ms)
	initialDomainReloadingComplete (36ms)
	LoadAllAssembliesAndSetupDomain (777ms)
		LoadAssemblies (621ms)
		RebuildTransferFunctionScriptingTraits (0ms)
		AnalyzeDomain (279ms)
			TypeCache.Refresh (21ms)
				TypeCache.ScanAssembly (7ms)
			BuildScriptInfoCaches (239ms)
			ResolveRequiredComponents (14ms)
	FinalizeReload (975ms)
		ReleaseScriptCaches (0ms)
		RebuildScriptCaches (0ms)
		SetupLoadedEditorAssemblies (818ms)
			LogAssemblyErrors (0ms)
			InitializePlatformSupportModulesInManaged (24ms)
			SetLoadedEditorAssemblies (7ms)
			BeforeProcessingInitializeOnLoad (163ms)
			ProcessInitializeOnLoadAttributes (485ms)
			ProcessInitializeOnLoadMethodAttributes (130ms)
			AfterProcessingInitializeOnLoad (8ms)
			EditorAssembliesLoaded (0ms)
		ExecutionOrderSort2 (0ms)
		AwakeInstancesAfterBackupRestoration (8ms)
Refreshing native plugins compatible for Editor in 8.80 ms, found 6 plugins.
Preloading 2 native plugins for Editor in 0.20 ms.
Unloading 104 Unused Serialized files (Serialized files now loaded: 0)
Unloading 7050 unused Assets / (13.2 MB). Loaded Objects now: 7595.
Memory consumption went from 154.2 MB to 141.0 MB.
Total: 16.940200 ms (FindLiveObjects: 0.670000 ms CreateObjectMapping: 0.669700 ms MarkObjects: 7.570300 ms  DeleteObjects: 8.027800 ms)

Prepare: number of updated asset objects reloaded= 0
========================================================================
Received Import Request.
  Time since last request: 332.989178 seconds.
  path: Assets/Models/charizard_flying_animation/scene.gltf
  artifactKey: Guid(2b878fc17d7bf3645b898679e7460e6c) Importer(815301076,1909f56bfc062723c751e8b465ee728b)
Start importing Assets/Models/charizard_flying_animation/scene.gltf using Guid(2b878fc17d7bf3645b898679e7460e6c) Importer(815301076,1909f56bfc062723c751e8b465ee728b) (PreviewImporter) -> (artifact id: '9f3da7089f446581cd153d060e079a05') in 1.8214241 seconds
Number of updated asset objects reloaded before import = 0Number of asset objects unloaded after import = 264

========================================================================
Received Import Request.
  Time since last request: 86.777967 seconds.
  path: Assets/Models/charizard_flying_animation/CharizadController.controller
  artifactKey: Guid(c8798b256dad2fd479b27750e56fc5c5) Importer(815301076,1909f56bfc062723c751e8b465ee728b)
Start importing Assets/Models/charizard_flying_animation/CharizadController.controller using Guid(c8798b256dad2fd479b27750e56fc5c5) Importer(815301076,1909f56bfc062723c751e8b465ee728b) (PreviewImporter) -> (artifact id: 'a63ac076d8b0045e716b34e4a89c6e1b') in 0.0040822 seconds
Number of updated asset objects reloaded before import = 0Number of asset objects unloaded after import = 1

========================================================================
Received Import Request.
  Time since last request: 98.772196 seconds.
  path: Assets/Models/pikachu
  artifactKey: Guid(bd8e3ec5e6a1eda4fa8eeef1cfeffeb0) Importer(815301076,1909f56bfc062723c751e8b465ee728b)
Start importing Assets/Models/pikachu using Guid(bd8e3ec5e6a1eda4fa8eeef1cfeffeb0) Importer(815301076,1909f56bfc062723c751e8b465ee728b) (PreviewImporter) -> (artifact id: '1dc212bee66b339556f6db6c3dc9e176') in 0.0012784 seconds
Number of updated asset objects reloaded before import = 0Number of asset objects unloaded after import = 0

========================================================================
Received Import Request.
  Time since last request: 0.077030 seconds.
  path: Assets/Models/pikachu/scene.gltf
  artifactKey: Guid(b3c44452eb4b8304886c628b6adfd253) Importer(815301076,1909f56bfc062723c751e8b465ee728b)
Start importing Assets/Models/pikachu/scene.gltf using Guid(b3c44452eb4b8304886c628b6adfd253) Importer(815301076,1909f56bfc062723c751e8b465ee728b) (PreviewImporter) -> (artifact id: '57937787bf62b4811979512c51da421d') in 0.152995 seconds
Number of updated asset objects reloaded before import = 0Number of asset objects unloaded after import = 144

========================================================================
Received Import Request.
  Time since last request: 79.145180 seconds.
  path: Assets/Models/pikachu/PikachuContoller.controller
  artifactKey: Guid(a2677146ff43155448fde9669f133b30) Importer(815301076,1909f56bfc062723c751e8b465ee728b)
Start importing Assets/Models/pikachu/PikachuContoller.controller using Guid(a2677146ff43155448fde9669f133b30) Importer(815301076,1909f56bfc062723c751e8b465ee728b) (PreviewImporter) -> (artifact id: 'bf5246ea141e46611fb4983e700c583e') in 0.0030931 seconds
Number of updated asset objects reloaded before import = 0Number of asset objects unloaded after import = 1

========================================================================
Received Import Request.
  Time since last request: 236.729906 seconds.
  path: Assets/Models/charizard_flying_animation/scene.gltf
  artifactKey: Guid(2b878fc17d7bf3645b898679e7460e6c) Importer(815301076,1909f56bfc062723c751e8b465ee728b)
Start importing Assets/Models/charizard_flying_animation/scene.gltf using Guid(2b878fc17d7bf3645b898679e7460e6c) Importer(815301076,1909f56bfc062723c751e8b465ee728b) (PreviewImporter) -> (artifact id: '388df5ddfbd512a757d90c9c3f201a23') in 0.2225198 seconds
Number of updated asset objects reloaded before import = 0Number of asset objects unloaded after import = 264

========================================================================
Received Import Request.
  Time since last request: 11.359939 seconds.
  path: Assets/Models/pikachu/scene.gltf
  artifactKey: Guid(b3c44452eb4b8304886c628b6adfd253) Importer(815301076,1909f56bfc062723c751e8b465ee728b)
Start importing Assets/Models/pikachu/scene.gltf using Guid(b3c44452eb4b8304886c628b6adfd253) Importer(815301076,1909f56bfc062723c751e8b465ee728b) (PreviewImporter) -> (artifact id: '429d3cedc471b453eae92900d3d3b355') in 0.1104156 seconds
Number of updated asset objects reloaded before import = 0Number of asset objects unloaded after import = 144

========================================================================
Received Import Request.
  Time since last request: 13.157258 seconds.
  path: Assets/Models/toxtricity
  artifactKey: Guid(0f6e65849260aad458c0f5b8e0d8a66f) Importer(815301076,1909f56bfc062723c751e8b465ee728b)
Start importing Assets/Models/toxtricity using Guid(0f6e65849260aad458c0f5b8e0d8a66f) Importer(815301076,1909f56bfc062723c751e8b465ee728b) (PreviewImporter) -> (artifact id: '5d979b5e4851b19a15e2b1d924fc6ce4') in 0.0028052 seconds
Number of updated asset objects reloaded before import = 0Number of asset objects unloaded after import = 0

========================================================================
Received Import Request.
  Time since last request: 0.094085 seconds.
  path: Assets/Models/toxtricity/scene.gltf
  artifactKey: Guid(87ea9103ea34c6f4ba9931bc3c39b064) Importer(815301076,1909f56bfc062723c751e8b465ee728b)
Start importing Assets/Models/toxtricity/scene.gltf using Guid(87ea9103ea34c6f4ba9931bc3c39b064) Importer(815301076,1909f56bfc062723c751e8b465ee728b) (PreviewImporter) -> (artifact id: 'ef023a0747e194ea1833c60ab3e10f2c') in 0.1700899 seconds
Number of updated asset objects reloaded before import = 0Number of asset objects unloaded after import = 402

========================================================================
Received Import Request.
  Time since last request: 11.503825 seconds.
  path: Assets/Models/urshifu_rapid_strike
  artifactKey: Guid(816ab5c204daf354eba4339d135ba5de) Importer(815301076,1909f56bfc062723c751e8b465ee728b)
Start importing Assets/Models/urshifu_rapid_strike using Guid(816ab5c204daf354eba4339d135ba5de) Importer(815301076,1909f56bfc062723c751e8b465ee728b) (PreviewImporter) -> (artifact id: '6eb4bea49e604f1441496f86c5036fe1') in 0.0034114 seconds
Number of updated asset objects reloaded before import = 0Number of asset objects unloaded after import = 0

========================================================================
Received Import Request.
  Time since last request: 1.586384 seconds.
  path: Assets/Models/urshifu_rapid_strike/scene.gltf
  artifactKey: Guid(0d7827149f43d2e40a621a21c11e55b6) Importer(815301076,1909f56bfc062723c751e8b465ee728b)
Start importing Assets/Models/urshifu_rapid_strike/scene.gltf using Guid(0d7827149f43d2e40a621a21c11e55b6) Importer(815301076,1909f56bfc062723c751e8b465ee728b) (PreviewImporter) -> (artifact id: 'ee4606d7f5078ad8e94a969852270b38') in 0.219994 seconds
Number of updated asset objects reloaded before import = 0Number of asset objects unloaded after import = 742

========================================================================
Received Import Request.
  Time since last request: 9.463088 seconds.
  path: Assets/Models/Infernape/scene.gltf
  artifactKey: Guid(442f7c1d212618347a787c64fa92553c) Importer(815301076,1909f56bfc062723c751e8b465ee728b)
Start importing Assets/Models/Infernape/scene.gltf using Guid(442f7c1d212618347a787c64fa92553c) Importer(815301076,1909f56bfc062723c751e8b465ee728b) (PreviewImporter) -> (artifact id: '03206e9fbd28dae416eb31a0dc9decd1') in 0.1554437 seconds
Number of updated asset objects reloaded before import = 0Number of asset objects unloaded after import = 308

========================================================================
Received Import Request.
  Time since last request: 8.471575 seconds.
  path: Assets/Models/Infernape/scene.gltf
  artifactKey: Guid(442f7c1d212618347a787c64fa92553c) Importer(815301076,1909f56bfc062723c751e8b465ee728b)
Start importing Assets/Models/Infernape/scene.gltf using Guid(442f7c1d212618347a787c64fa92553c) Importer(815301076,1909f56bfc062723c751e8b465ee728b) (PreviewImporter) -> (artifact id: '1eebc3f398810f9ed8ad9fe4c838514a') in 0.171308 seconds
Number of updated asset objects reloaded before import = 0Number of asset objects unloaded after import = 308

========================================================================
Received Import Request.
  Time since last request: 10.032094 seconds.
  path: Assets/Models/urshifu_rapid_strike/scene.gltf
  artifactKey: Guid(0d7827149f43d2e40a621a21c11e55b6) Importer(815301076,1909f56bfc062723c751e8b465ee728b)
Start importing Assets/Models/urshifu_rapid_strike/scene.gltf using Guid(0d7827149f43d2e40a621a21c11e55b6) Importer(815301076,1909f56bfc062723c751e8b465ee728b) (PreviewImporter) -> (artifact id: '91c00b051aba6ce9bbf07b9845491617') in 0.1997206 seconds
Number of updated asset objects reloaded before import = 0Number of asset objects unloaded after import = 742

========================================================================
Received Import Request.
  Time since last request: 17.406733 seconds.
  path: Assets/Models/urshifu_rapid_strike/UrshifuContoller.controller
  artifactKey: Guid(7b7e06b572bfc4e4fa21aba86a422399) Importer(815301076,1909f56bfc062723c751e8b465ee728b)
Start importing Assets/Models/urshifu_rapid_strike/UrshifuContoller.controller using Guid(7b7e06b572bfc4e4fa21aba86a422399) Importer(815301076,1909f56bfc062723c751e8b465ee728b) (PreviewImporter) -> (artifact id: '82a7bf0bb72e1131f3e3d1cfee476330') in 0.003277 seconds
Number of updated asset objects reloaded before import = 0Number of asset objects unloaded after import = 1

========================================================================
Received Import Request.
  Time since last request: 36.702963 seconds.
  path: Assets/Models/Infernape/InfernapeController.controller
  artifactKey: Guid(0152556f8cfcee74391b6eeeb7d3a2ec) Importer(815301076,1909f56bfc062723c751e8b465ee728b)
Start importing Assets/Models/Infernape/InfernapeController.controller using Guid(0152556f8cfcee74391b6eeeb7d3a2ec) Importer(815301076,1909f56bfc062723c751e8b465ee728b) (PreviewImporter) -> (artifact id: '2d6a7247e4dc9dbc8ed6cddb3d6bb48e') in 0.003087 seconds
Number of updated asset objects reloaded before import = 0Number of asset objects unloaded after import = 1

========================================================================
Received Import Request.
  Time since last request: 17.103772 seconds.
  path: Assets/Models/toxtricity/scene.gltf
  artifactKey: Guid(87ea9103ea34c6f4ba9931bc3c39b064) Importer(815301076,1909f56bfc062723c751e8b465ee728b)
Start importing Assets/Models/toxtricity/scene.gltf using Guid(87ea9103ea34c6f4ba9931bc3c39b064) Importer(815301076,1909f56bfc062723c751e8b465ee728b) (PreviewImporter) -> (artifact id: '9cda1366b5b4c3de109b6e81cb3981a3') in 0.1928275 seconds
Number of updated asset objects reloaded before import = 0Number of asset objects unloaded after import = 402

========================================================================
Received Import Request.
  Time since last request: 24.123689 seconds.
  path: Assets/Models/toxtricity/ToxtricityController.controller
  artifactKey: Guid(c064577f0f069164e8e3e2ae07b164be) Importer(815301076,1909f56bfc062723c751e8b465ee728b)
Start importing Assets/Models/toxtricity/ToxtricityController.controller using Guid(c064577f0f069164e8e3e2ae07b164be) Importer(815301076,1909f56bfc062723c751e8b465ee728b) (PreviewImporter) -> (artifact id: '95ee32c51d94985729ca58e268b1ff95') in 0.0023571 seconds
Number of updated asset objects reloaded before import = 0Number of asset objects unloaded after import = 1

========================================================================
Received Import Request.
  Time since last request: 74.182210 seconds.
  path: Assets/Models/pikachu/PikachuContoller.controller
  artifactKey: Guid(a2677146ff43155448fde9669f133b30) Importer(815301076,1909f56bfc062723c751e8b465ee728b)
Start importing Assets/Models/pikachu/PikachuContoller.controller using Guid(a2677146ff43155448fde9669f133b30) Importer(815301076,1909f56bfc062723c751e8b465ee728b) (PreviewImporter) -> (artifact id: 'e814cdc7305c393cd236662215ea1893') in 0.0034256 seconds
Number of updated asset objects reloaded before import = 0Number of asset objects unloaded after import = 3

========================================================================
Received Prepare
Refreshing native plugins compatible for Editor in 8.08 ms, found 6 plugins.
Preloading 2 native plugins for Editor in 0.19 ms.
Unloading 104 Unused Serialized files (Serialized files now loaded: 0)
Unloading 7008 unused Assets / (12.4 MB). Loaded Objects now: 7642.
Memory consumption went from 160.7 MB to 148.3 MB.
Total: 16.042500 ms (FindLiveObjects: 0.732100 ms CreateObjectMapping: 0.629300 ms MarkObjects: 8.099100 ms  DeleteObjects: 6.580400 ms)

Prepare: number of updated asset objects reloaded= 0
========================================================================
Received Import Request.
  Time since last request: 273.015855 seconds.
  path: Assets/OnTriggerInteract.cs
  artifactKey: Guid(bfab9949f4a20714b990ef893ace963f) Importer(815301076,1909f56bfc062723c751e8b465ee728b)
Start importing Assets/OnTriggerInteract.cs using Guid(bfab9949f4a20714b990ef893ace963f) Importer(815301076,1909f56bfc062723c751e8b465ee728b) (PreviewImporter) -> (artifact id: 'eaf0a7f18f06044a3ddbfa939402a518') in 0.0021451 seconds
Number of updated asset objects reloaded before import = 0Number of asset objects unloaded after import = 0

========================================================================
Received Prepare
Begin MonoManager ReloadAssembly
Symbol file LoadedFromMemory is not a mono symbol file
- Loaded All Assemblies, in  1.019 seconds
Refreshing native plugins compatible for Editor in 14.65 ms, found 6 plugins.
Native extension for iOS target not found
Native extension for Android target not found
Native extension for WindowsStandalone target not found
[Package Manager] Failed to launch server process. Reason: Unity was launched with the -noUpm command-line argument
[Package Manager] Unable to send message (not connected to server process).
[Package Manager] Cannot connect to Unity Package Manager local server
Mono: successfully reloaded assembly
- Finished resetting the current domain, in  0.949 seconds
Domain Reload Profiling: 1968ms
	BeginReloadAssembly (219ms)
		ExecutionOrderSort (0ms)
		DisableScriptedObjects (6ms)
		BackupInstance (0ms)
		ReleaseScriptingObjects (0ms)
		CreateAndSetChildDomain (61ms)
	RebuildCommonClasses (39ms)
	RebuildNativeTypeToScriptingClass (17ms)
	initialDomainReloadingComplete (42ms)
	LoadAllAssembliesAndSetupDomain (701ms)
		LoadAssemblies (526ms)
		RebuildTransferFunctionScriptingTraits (0ms)
		AnalyzeDomain (278ms)
			TypeCache.Refresh (16ms)
				TypeCache.ScanAssembly (0ms)
			BuildScriptInfoCaches (237ms)
			ResolveRequiredComponents (19ms)
	FinalizeReload (950ms)
		ReleaseScriptCaches (0ms)
		RebuildScriptCaches (0ms)
		SetupLoadedEditorAssemblies (771ms)
			LogAssemblyErrors (0ms)
			InitializePlatformSupportModulesInManaged (24ms)
			SetLoadedEditorAssemblies (6ms)
			BeforeProcessingInitializeOnLoad (147ms)
			ProcessInitializeOnLoadAttributes (462ms)
			ProcessInitializeOnLoadMethodAttributes (123ms)
			AfterProcessingInitializeOnLoad (10ms)
			EditorAssembliesLoaded (0ms)
		ExecutionOrderSort2 (0ms)
		AwakeInstancesAfterBackupRestoration (8ms)
Refreshing native plugins compatible for Editor in 12.07 ms, found 6 plugins.
Preloading 2 native plugins for Editor in 0.54 ms.
Unloading 103 Unused Serialized files (Serialized files now loaded: 0)
Unloading 7050 unused Assets / (12.7 MB). Loaded Objects now: 7643.
Memory consumption went from 160.1 MB to 147.4 MB.
Total: 15.241600 ms (FindLiveObjects: 0.836000 ms CreateObjectMapping: 1.042100 ms MarkObjects: 6.129300 ms  DeleteObjects: 7.232300 ms)

Prepare: number of updated asset objects reloaded= 0
========================================================================
Received Import Request.
  Time since last request: 92.788627 seconds.
  path: Assets/OnTriggerInteract.cs
  artifactKey: Guid(bfab9949f4a20714b990ef893ace963f) Importer(815301076,1909f56bfc062723c751e8b465ee728b)
Start importing Assets/OnTriggerInteract.cs using Guid(bfab9949f4a20714b990ef893ace963f) Importer(815301076,1909f56bfc062723c751e8b465ee728b) (PreviewImporter) -> (artifact id: 'a26eabedd69a4383ca185c0fed9dc96f') in 0.0038228 seconds
Number of updated asset objects reloaded before import = 0Number of asset objects unloaded after import = 0

========================================================================
Received Prepare
Begin MonoManager ReloadAssembly
Symbol file LoadedFromMemory is not a mono symbol file
- Loaded All Assemblies, in  1.582 seconds
Refreshing native plugins compatible for Editor in 26.86 ms, found 6 plugins.
Native extension for iOS target not found
Native extension for Android target not found
Native extension for WindowsStandalone target not found
[Package Manager] Failed to launch server process. Reason: Unity was launched with the -noUpm command-line argument
[Package Manager] Unable to send message (not connected to server process).
[Package Manager] Cannot connect to Unity Package Manager local server
Mono: successfully reloaded assembly
- Finished resetting the current domain, in  1.047 seconds
Domain Reload Profiling: 2569ms
	BeginReloadAssembly (293ms)
		ExecutionOrderSort (0ms)
		DisableScriptedObjects (11ms)
		BackupInstance (0ms)
		ReleaseScriptingObjects (0ms)
		CreateAndSetChildDomain (98ms)
	RebuildCommonClasses (52ms)
	RebuildNativeTypeToScriptingClass (17ms)
	initialDomainReloadingComplete (72ms)
	LoadAllAssembliesAndSetupDomain (1088ms)
		LoadAssemblies (937ms)
		RebuildTransferFunctionScriptingTraits (0ms)
		AnalyzeDomain (278ms)
			TypeCache.Refresh (12ms)
				TypeCache.ScanAssembly (0ms)
			BuildScriptInfoCaches (246ms)
			ResolveRequiredComponents (15ms)
	FinalizeReload (1047ms)
		ReleaseScriptCaches (0ms)
		RebuildScriptCaches (0ms)
		SetupLoadedEditorAssemblies (852ms)
			LogAssemblyErrors (0ms)
			InitializePlatformSupportModulesInManaged (77ms)
			SetLoadedEditorAssemblies (5ms)
			BeforeProcessingInitializeOnLoad (147ms)
			ProcessInitializeOnLoadAttributes (474ms)
			ProcessInitializeOnLoadMethodAttributes (126ms)
			AfterProcessingInitializeOnLoad (22ms)
			EditorAssembliesLoaded (1ms)
		ExecutionOrderSort2 (0ms)
		AwakeInstancesAfterBackupRestoration (8ms)
Refreshing native plugins compatible for Editor in 18.05 ms, found 6 plugins.
Preloading 2 native plugins for Editor in 0.20 ms.
Unloading 103 Unused Serialized files (Serialized files now loaded: 0)
Unloading 7050 unused Assets / (12.8 MB). Loaded Objects now: 7645.
Memory consumption went from 160.1 MB to 147.2 MB.
Total: 15.969300 ms (FindLiveObjects: 0.709600 ms CreateObjectMapping: 0.827500 ms MarkObjects: 6.146900 ms  DeleteObjects: 8.282100 ms)

Prepare: number of updated asset objects reloaded= 0
========================================================================
Received Prepare
Begin MonoManager ReloadAssembly
Symbol file LoadedFromMemory is not a mono symbol file
- Loaded All Assemblies, in  0.995 seconds
Refreshing native plugins compatible for Editor in 6.76 ms, found 6 plugins.
Native extension for iOS target not found
Native extension for Android target not found
Native extension for WindowsStandalone target not found
[Package Manager] Failed to launch server process. Reason: Unity was launched with the -noUpm command-line argument
[Package Manager] Unable to send message (not connected to server process).
[Package Manager] Cannot connect to Unity Package Manager local server
Mono: successfully reloaded assembly
- Finished resetting the current domain, in  0.805 seconds
Domain Reload Profiling: 1800ms
	BeginReloadAssembly (230ms)
		ExecutionOrderSort (0ms)
		DisableScriptedObjects (7ms)
		BackupInstance (0ms)
		ReleaseScriptingObjects (0ms)
		CreateAndSetChildDomain (56ms)
	RebuildCommonClasses (47ms)
	RebuildNativeTypeToScriptingClass (19ms)
	initialDomainReloadingComplete (45ms)
	LoadAllAssembliesAndSetupDomain (653ms)
		LoadAssemblies (496ms)
		RebuildTransferFunctionScriptingTraits (0ms)
		AnalyzeDomain (272ms)
			TypeCache.Refresh (10ms)
				TypeCache.ScanAssembly (0ms)
			BuildScriptInfoCaches (239ms)
			ResolveRequiredComponents (18ms)
	FinalizeReload (806ms)
		ReleaseScriptCaches (0ms)
		RebuildScriptCaches (0ms)
		SetupLoadedEditorAssemblies (640ms)
			LogAssemblyErrors (0ms)
			InitializePlatformSupportModulesInManaged (22ms)
			SetLoadedEditorAssemblies (5ms)
			BeforeProcessingInitializeOnLoad (142ms)
			ProcessInitializeOnLoadAttributes (371ms)
			ProcessInitializeOnLoadMethodAttributes (93ms)
			AfterProcessingInitializeOnLoad (6ms)
			EditorAssembliesLoaded (0ms)
		ExecutionOrderSort2 (0ms)
		AwakeInstancesAfterBackupRestoration (8ms)
Refreshing native plugins compatible for Editor in 6.36 ms, found 6 plugins.
Preloading 2 native plugins for Editor in 0.17 ms.
Unloading 103 Unused Serialized files (Serialized files now loaded: 0)
Unloading 7050 unused Assets / (13.1 MB). Loaded Objects now: 7647.
Memory consumption went from 160.1 MB to 147.0 MB.
Total: 13.814100 ms (FindLiveObjects: 0.678200 ms CreateObjectMapping: 0.614500 ms MarkObjects: 5.277500 ms  DeleteObjects: 7.242400 ms)

Prepare: number of updated asset objects reloaded= 0
========================================================================
Received Import Request.
  Time since last request: 210.432564 seconds.
  path: Assets/Models/urshifu_rapid_strike/UrshifuContoller.controller
  artifactKey: Guid(7b7e06b572bfc4e4fa21aba86a422399) Importer(815301076,1909f56bfc062723c751e8b465ee728b)
Start importing Assets/Models/urshifu_rapid_strike/UrshifuContoller.controller using Guid(7b7e06b572bfc4e4fa21aba86a422399) Importer(815301076,1909f56bfc062723c751e8b465ee728b) (PreviewImporter) -> (artifact id: '1ab550e175c16f9401760bfb683ce178') in 0.0723066 seconds
Number of updated asset objects reloaded before import = 0Number of asset objects unloaded after import = 4

========================================================================
Received Prepare
Begin MonoManager ReloadAssembly
Symbol file LoadedFromMemory is not a mono symbol file
- Loaded All Assemblies, in  1.106 seconds
Refreshing native plugins compatible for Editor in 8.98 ms, found 6 plugins.
Native extension for iOS target not found
Native extension for Android target not found
Native extension for WindowsStandalone target not found
[Package Manager] Failed to launch server process. Reason: Unity was launched with the -noUpm command-line argument
[Package Manager] Unable to send message (not connected to server process).
[Package Manager] Cannot connect to Unity Package Manager local server
Mono: successfully reloaded assembly
- Finished resetting the current domain, in  0.886 seconds
Domain Reload Profiling: 1984ms
	BeginReloadAssembly (245ms)
		ExecutionOrderSort (0ms)
		DisableScriptedObjects (6ms)
		BackupInstance (0ms)
		ReleaseScriptingObjects (0ms)
		CreateAndSetChildDomain (63ms)
	RebuildCommonClasses (44ms)
	RebuildNativeTypeToScriptingClass (13ms)
	initialDomainReloadingComplete (44ms)
	LoadAllAssembliesAndSetupDomain (751ms)
		LoadAssemblies (569ms)
		RebuildTransferFunctionScriptingTraits (0ms)
		AnalyzeDomain (306ms)
			TypeCache.Refresh (12ms)
				TypeCache.ScanAssembly (0ms)
			BuildScriptInfoCaches (271ms)
			ResolveRequiredComponents (18ms)
	FinalizeReload (887ms)
		ReleaseScriptCaches (0ms)
		RebuildScriptCaches (0ms)
		SetupLoadedEditorAssemblies (693ms)
			LogAssemblyErrors (0ms)
			InitializePlatformSupportModulesInManaged (29ms)
			SetLoadedEditorAssemblies (5ms)
			BeforeProcessingInitializeOnLoad (166ms)
			ProcessInitializeOnLoadAttributes (401ms)
			ProcessInitializeOnLoadMethodAttributes (86ms)
			AfterProcessingInitializeOnLoad (7ms)
			EditorAssembliesLoaded (0ms)
		ExecutionOrderSort2 (0ms)
		AwakeInstancesAfterBackupRestoration (8ms)
Refreshing native plugins compatible for Editor in 10.87 ms, found 6 plugins.
Preloading 2 native plugins for Editor in 0.18 ms.
Unloading 103 Unused Serialized files (Serialized files now loaded: 0)
Unloading 7050 unused Assets / (12.9 MB). Loaded Objects now: 7649.
Memory consumption went from 160.1 MB to 147.1 MB.
Total: 15.810900 ms (FindLiveObjects: 0.936700 ms CreateObjectMapping: 1.090000 ms MarkObjects: 6.576000 ms  DeleteObjects: 7.206500 ms)

Prepare: number of updated asset objects reloaded= 0
========================================================================
Received Import Request.
  Time since last request: 193.503659 seconds.
  path: Assets/Models/pikachu/PikachuContoller.controller
  artifactKey: Guid(a2677146ff43155448fde9669f133b30) Importer(815301076,1909f56bfc062723c751e8b465ee728b)
Start importing Assets/Models/pikachu/PikachuContoller.controller using Guid(a2677146ff43155448fde9669f133b30) Importer(815301076,1909f56bfc062723c751e8b465ee728b) (PreviewImporter) -> (artifact id: '0aabfe528be2def87f1fc86060b3e1c5') in 0.0599671 seconds
Number of updated asset objects reloaded before import = 0Number of asset objects unloaded after import = 3

========================================================================
Received Prepare
Begin MonoManager ReloadAssembly
Symbol file LoadedFromMemory is not a mono symbol file
- Loaded All Assemblies, in  1.366 seconds
Refreshing native plugins compatible for Editor in 9.10 ms, found 6 plugins.
Native extension for iOS target not found
Native extension for Android target not found
Native extension for WindowsStandalone target not found
[Package Manager] Failed to launch server process. Reason: Unity was launched with the -noUpm command-line argument
[Package Manager] Unable to send message (not connected to server process).
[Package Manager] Cannot connect to Unity Package Manager local server
Mono: successfully reloaded assembly
- Finished resetting the current domain, in  0.865 seconds
Domain Reload Profiling: 2194ms
	BeginReloadAssembly (272ms)
		ExecutionOrderSort (0ms)
		DisableScriptedObjects (7ms)
		BackupInstance (0ms)
		ReleaseScriptingObjects (0ms)
		CreateAndSetChildDomain (73ms)
	RebuildCommonClasses (46ms)
	RebuildNativeTypeToScriptingClass (15ms)
	initialDomainReloadingComplete (42ms)
	LoadAllAssembliesAndSetupDomain (953ms)
		LoadAssemblies (791ms)
		RebuildTransferFunctionScriptingTraits (0ms)
		AnalyzeDomain (297ms)
			TypeCache.Refresh (9ms)
				TypeCache.ScanAssembly (0ms)
			BuildScriptInfoCaches (259ms)
			ResolveRequiredComponents (23ms)
	FinalizeReload (866ms)
		ReleaseScriptCaches (0ms)
		RebuildScriptCaches (0ms)
		SetupLoadedEditorAssemblies (694ms)
			LogAssemblyErrors (0ms)
			InitializePlatformSupportModulesInManaged (25ms)
			SetLoadedEditorAssemblies (5ms)
			BeforeProcessingInitializeOnLoad (144ms)
			ProcessInitializeOnLoadAttributes (398ms)
			ProcessInitializeOnLoadMethodAttributes (101ms)
			AfterProcessingInitializeOnLoad (21ms)
			EditorAssembliesLoaded (0ms)
		ExecutionOrderSort2 (0ms)
		AwakeInstancesAfterBackupRestoration (7ms)
Refreshing native plugins compatible for Editor in 25.35 ms, found 6 plugins.
Preloading 2 native plugins for Editor in 1.55 ms.
Unloading 103 Unused Serialized files (Serialized files now loaded: 0)
Unloading 7050 unused Assets / (12.0 MB). Loaded Objects now: 7651.
Memory consumption went from 160.1 MB to 148.1 MB.
Total: 18.810400 ms (FindLiveObjects: 0.951300 ms CreateObjectMapping: 1.057100 ms MarkObjects: 7.455800 ms  DeleteObjects: 9.343500 ms)

Prepare: number of updated asset objects reloaded= 0
========================================================================
Received Prepare
Begin MonoManager ReloadAssembly
Symbol file LoadedFromMemory is not a mono symbol file
- Loaded All Assemblies, in  1.001 seconds
Refreshing native plugins compatible for Editor in 6.54 ms, found 6 plugins.
Native extension for iOS target not found
Native extension for Android target not found
Native extension for WindowsStandalone target not found
[Package Manager] Failed to launch server process. Reason: Unity was launched with the -noUpm command-line argument
[Package Manager] Unable to send message (not connected to server process).
[Package Manager] Cannot connect to Unity Package Manager local server
Mono: successfully reloaded assembly
- Finished resetting the current domain, in  0.831 seconds
Domain Reload Profiling: 1830ms
	BeginReloadAssembly (230ms)
		ExecutionOrderSort (0ms)
		DisableScriptedObjects (7ms)
		BackupInstance (0ms)
		ReleaseScriptingObjects (0ms)
		CreateAndSetChildDomain (56ms)
	RebuildCommonClasses (43ms)
	RebuildNativeTypeToScriptingClass (15ms)
	initialDomainReloadingComplete (40ms)
	LoadAllAssembliesAndSetupDomain (670ms)
		LoadAssemblies (496ms)
		RebuildTransferFunctionScriptingTraits (0ms)
		AnalyzeDomain (292ms)
			TypeCache.Refresh (9ms)
				TypeCache.ScanAssembly (0ms)
			BuildScriptInfoCaches (262ms)
			ResolveRequiredComponents (15ms)
	FinalizeReload (831ms)
		ReleaseScriptCaches (0ms)
		RebuildScriptCaches (0ms)
		SetupLoadedEditorAssemblies (687ms)
			LogAssemblyErrors (0ms)
			InitializePlatformSupportModulesInManaged (20ms)
			SetLoadedEditorAssemblies (4ms)
			BeforeProcessingInitializeOnLoad (135ms)
			ProcessInitializeOnLoadAttributes (429ms)
			ProcessInitializeOnLoadMethodAttributes (93ms)
			AfterProcessingInitializeOnLoad (6ms)
			EditorAssembliesLoaded (0ms)
		ExecutionOrderSort2 (0ms)
		AwakeInstancesAfterBackupRestoration (6ms)
Refreshing native plugins compatible for Editor in 6.26 ms, found 6 plugins.
Preloading 2 native plugins for Editor in 0.17 ms.
Unloading 103 Unused Serialized files (Serialized files now loaded: 0)
Unloading 7050 unused Assets / (12.0 MB). Loaded Objects now: 7653.
Memory consumption went from 160.1 MB to 148.1 MB.
Total: 15.054800 ms (FindLiveObjects: 0.936800 ms CreateObjectMapping: 0.747000 ms MarkObjects: 6.481300 ms  DeleteObjects: 6.887600 ms)

Prepare: number of updated asset objects reloaded= 0
========================================================================
Received Prepare
Refreshing native plugins compatible for Editor in 10.79 ms, found 6 plugins.
Preloading 2 native plugins for Editor in 0.23 ms.
Unloading 103 Unused Serialized files (Serialized files now loaded: 0)
Unloading 103 unused Assets / (7.3 MB). Loaded Objects now: 7653.
Memory consumption went from 154.9 MB to 147.6 MB.
Total: 13.603400 ms (FindLiveObjects: 0.452800 ms CreateObjectMapping: 0.274700 ms MarkObjects: 9.442300 ms  DeleteObjects: 3.430900 ms)

Prepare: number of updated asset objects reloaded= 60
========================================================================
Received Prepare
Refreshing native plugins compatible for Editor in 8.30 ms, found 6 plugins.
Preloading 2 native plugins for Editor in 0.26 ms.
Unloading 103 Unused Serialized files (Serialized files now loaded: 0)
Unloading 103 unused Assets / (7.3 MB). Loaded Objects now: 7653.
Memory consumption went from 155.8 MB to 148.5 MB.
Total: 10.957600 ms (FindLiveObjects: 0.500100 ms CreateObjectMapping: 0.637600 ms MarkObjects: 6.576600 ms  DeleteObjects: 3.241300 ms)

Prepare: number of updated asset objects reloaded= 0
========================================================================
Received Prepare
Begin MonoManager ReloadAssembly
Symbol file LoadedFromMemory is not a mono symbol file
- Loaded All Assemblies, in  1.241 seconds
Refreshing native plugins compatible for Editor in 9.82 ms, found 6 plugins.
Native extension for iOS target not found
Native extension for Android target not found
Native extension for WindowsStandalone target not found
[Package Manager] Failed to launch server process. Reason: Unity was launched with the -noUpm command-line argument
[Package Manager] Unable to send message (not connected to server process).
[Package Manager] Cannot connect to Unity Package Manager local server
Mono: successfully reloaded assembly
- Finished resetting the current domain, in  0.958 seconds
Domain Reload Profiling: 2196ms
	BeginReloadAssembly (293ms)
		ExecutionOrderSort (0ms)
		DisableScriptedObjects (8ms)
		BackupInstance (0ms)
		ReleaseScriptingObjects (0ms)
		CreateAndSetChildDomain (77ms)
	RebuildCommonClasses (67ms)
	RebuildNativeTypeToScriptingClass (17ms)
	initialDomainReloadingComplete (40ms)
	LoadAllAssembliesAndSetupDomain (820ms)
		LoadAssemblies (570ms)
		RebuildTransferFunctionScriptingTraits (0ms)
		AnalyzeDomain (399ms)
			TypeCache.Refresh (200ms)
				TypeCache.ScanAssembly (171ms)
			BuildScriptInfoCaches (175ms)
			ResolveRequiredComponents (19ms)
	FinalizeReload (959ms)
		ReleaseScriptCaches (0ms)
		RebuildScriptCaches (0ms)
		SetupLoadedEditorAssemblies (765ms)
			LogAssemblyErrors (0ms)
			InitializePlatformSupportModulesInManaged (25ms)
			SetLoadedEditorAssemblies (12ms)
			BeforeProcessingInitializeOnLoad (185ms)
			ProcessInitializeOnLoadAttributes (426ms)
			ProcessInitializeOnLoadMethodAttributes (111ms)
			AfterProcessingInitializeOnLoad (5ms)
			EditorAssembliesLoaded (0ms)
		ExecutionOrderSort2 (0ms)
		AwakeInstancesAfterBackupRestoration (6ms)
Refreshing native plugins compatible for Editor in 9.39 ms, found 6 plugins.
Preloading 2 native plugins for Editor in 0.21 ms.
Unloading 103 Unused Serialized files (Serialized files now loaded: 0)
Unloading 7050 unused Assets / (13.8 MB). Loaded Objects now: 7655.
Memory consumption went from 161.0 MB to 147.2 MB.
Total: 16.840900 ms (FindLiveObjects: 0.721000 ms CreateObjectMapping: 0.670400 ms MarkObjects: 6.491100 ms  DeleteObjects: 8.955100 ms)

Prepare: number of updated asset objects reloaded= 0
========================================================================
Received Prepare
Refreshing native plugins compatible for Editor in 6.50 ms, found 6 plugins.
Preloading 2 native plugins for Editor in 0.17 ms.
Unloading 103 Unused Serialized files (Serialized files now loaded: 0)
Unloading 7009 unused Assets / (13.9 MB). Loaded Objects now: 7656.
Memory consumption went from 160.9 MB to 147.0 MB.
Total: 19.210000 ms (FindLiveObjects: 0.653800 ms CreateObjectMapping: 0.670300 ms MarkObjects: 5.542700 ms  DeleteObjects: 12.341300 ms)

Prepare: number of updated asset objects reloaded= 0
========================================================================
Received Prepare
Begin MonoManager ReloadAssembly
Symbol file LoadedFromMemory is not a mono symbol file
- Loaded All Assemblies, in  0.999 seconds
Refreshing native plugins compatible for Editor in 6.37 ms, found 6 plugins.
Native extension for iOS target not found
Native extension for Android target not found
Native extension for WindowsStandalone target not found
[Package Manager] Failed to launch server process. Reason: Unity was launched with the -noUpm command-line argument
[Package Manager] Unable to send message (not connected to server process).
[Package Manager] Cannot connect to Unity Package Manager local server
Mono: successfully reloaded assembly
- Finished resetting the current domain, in  0.815 seconds
Domain Reload Profiling: 1811ms
	BeginReloadAssembly (241ms)
		ExecutionOrderSort (0ms)
		DisableScriptedObjects (9ms)
		BackupInstance (0ms)
		ReleaseScriptingObjects (0ms)
		CreateAndSetChildDomain (70ms)
	RebuildCommonClasses (40ms)
	RebuildNativeTypeToScriptingClass (13ms)
	initialDomainReloadingComplete (43ms)
	LoadAllAssembliesAndSetupDomain (658ms)
		LoadAssemblies (493ms)
		RebuildTransferFunctionScriptingTraits (0ms)
		AnalyzeDomain (277ms)
			TypeCache.Refresh (10ms)
				TypeCache.ScanAssembly (0ms)
			BuildScriptInfoCaches (246ms)
			ResolveRequiredComponents (14ms)
	FinalizeReload (815ms)
		ReleaseScriptCaches (0ms)
		RebuildScriptCaches (0ms)
		SetupLoadedEditorAssemblies (671ms)
			LogAssemblyErrors (0ms)
			InitializePlatformSupportModulesInManaged (21ms)
			SetLoadedEditorAssemblies (4ms)
			BeforeProcessingInitializeOnLoad (123ms)
			ProcessInitializeOnLoadAttributes (420ms)
			ProcessInitializeOnLoadMethodAttributes (95ms)
			AfterProcessingInitializeOnLoad (6ms)
			EditorAssembliesLoaded (0ms)
		ExecutionOrderSort2 (0ms)
		AwakeInstancesAfterBackupRestoration (7ms)
Refreshing native plugins compatible for Editor in 7.30 ms, found 6 plugins.
Preloading 2 native plugins for Editor in 0.20 ms.
Unloading 104 Unused Serialized files (Serialized files now loaded: 0)
Unloading 7052 unused Assets / (14.0 MB). Loaded Objects now: 7658.
Memory consumption went from 161.3 MB to 147.3 MB.
Total: 17.179400 ms (FindLiveObjects: 0.712700 ms CreateObjectMapping: 0.650400 ms MarkObjects: 6.555200 ms  DeleteObjects: 9.258800 ms)

Prepare: number of updated asset objects reloaded= 0
========================================================================
Received Import Request.
  Time since last request: 1631.812674 seconds.
  path: Assets/Models/urshifu_rapid_strike/scene.gltf
  artifactKey: Guid(0d7827149f43d2e40a621a21c11e55b6) Importer(815301076,1909f56bfc062723c751e8b465ee728b)
Start importing Assets/Models/urshifu_rapid_strike/scene.gltf using Guid(0d7827149f43d2e40a621a21c11e55b6) Importer(815301076,1909f56bfc062723c751e8b465ee728b) (PreviewImporter) -> (artifact id: 'f2fb09d538ba73ed6b77da7c208e6101') in 0.8230046 seconds
Number of updated asset objects reloaded before import = 0Number of asset objects unloaded after import = 741

========================================================================
Received Import Request.
  Time since last request: 6.778302 seconds.
  path: Assets/VuforiaLicense.cs
  artifactKey: Guid(8e9160db480a0e44aaf3bea517444c35) Importer(815301076,1909f56bfc062723c751e8b465ee728b)
Start importing Assets/VuforiaLicense.cs using Guid(8e9160db480a0e44aaf3bea517444c35) Importer(815301076,1909f56bfc062723c751e8b465ee728b) (PreviewImporter) -> (artifact id: 'bf8aab6d18d6b1ff2ab2401b9823909b') in 0.0011869 seconds
Number of updated asset objects reloaded before import = 0Number of asset objects unloaded after import = 0

========================================================================
Received Import Request.
  Time since last request: 10.768869 seconds.
  path: Assets/Resources/VuforiaConfiguration.asset
  artifactKey: Guid(f1c3746753ce25045a88ffeb4183ac16) Importer(815301076,1909f56bfc062723c751e8b465ee728b)
Start importing Assets/Resources/VuforiaConfiguration.asset using Guid(f1c3746753ce25045a88ffeb4183ac16) Importer(815301076,1909f56bfc062723c751e8b465ee728b) (PreviewImporter) -> (artifact id: '9dfb48a78c17ab00c1a527aaffb504c9') in 0.0600326 seconds
Number of updated asset objects reloaded before import = 0Number of asset objects unloaded after import = 454

========================================================================
Received Import Request.
  Time since last request: 37.557173 seconds.
  path: Assets/Resources/VuforiaConfiguration.asset
  artifactKey: Guid(f1c3746753ce25045a88ffeb4183ac16) Importer(815301076,1909f56bfc062723c751e8b465ee728b)
Start importing Assets/Resources/VuforiaConfiguration.asset using Guid(f1c3746753ce25045a88ffeb4183ac16) Importer(815301076,1909f56bfc062723c751e8b465ee728b) (PreviewImporter) -> (artifact id: '00a22388f320dcfcc425375f72f7c7a6') in 0.0326434 seconds
Number of updated asset objects reloaded before import = 0Number of asset objects unloaded after import = 454

========================================================================
Received Prepare
Begin MonoManager ReloadAssembly
Symbol file LoadedFromMemory is not a mono symbol file
- Loaded All Assemblies, in  0.962 seconds
Refreshing native plugins compatible for Editor in 6.94 ms, found 6 plugins.
Native extension for iOS target not found
Native extension for Android target not found
Native extension for WindowsStandalone target not found
[Package Manager] Failed to launch server process. Reason: Unity was launched with the -noUpm command-line argument
[Package Manager] Unable to send message (not connected to server process).
[Package Manager] Cannot connect to Unity Package Manager local server
Mono: successfully reloaded assembly
- Finished resetting the current domain, in  0.840 seconds
Domain Reload Profiling: 1800ms
	BeginReloadAssembly (245ms)
		ExecutionOrderSort (0ms)
		DisableScriptedObjects (7ms)
		BackupInstance (0ms)
		ReleaseScriptingObjects (0ms)
		CreateAndSetChildDomain (73ms)
	RebuildCommonClasses (41ms)
	RebuildNativeTypeToScriptingClass (17ms)
	initialDomainReloadingComplete (44ms)
	LoadAllAssembliesAndSetupDomain (611ms)
		LoadAssemblies (466ms)
		RebuildTransferFunctionScriptingTraits (0ms)
		AnalyzeDomain (255ms)
			TypeCache.Refresh (10ms)
				TypeCache.ScanAssembly (0ms)
			BuildScriptInfoCaches (226ms)
			ResolveRequiredComponents (14ms)
	FinalizeReload (840ms)
		ReleaseScriptCaches (0ms)
		RebuildScriptCaches (0ms)
		SetupLoadedEditorAssemblies (688ms)
			LogAssemblyErrors (0ms)
			InitializePlatformSupportModulesInManaged (18ms)
			SetLoadedEditorAssemblies (5ms)
			BeforeProcessingInitializeOnLoad (146ms)
			ProcessInitializeOnLoadAttributes (419ms)
			ProcessInitializeOnLoadMethodAttributes (95ms)
			AfterProcessingInitializeOnLoad (5ms)
			EditorAssembliesLoaded (0ms)
		ExecutionOrderSort2 (0ms)
		AwakeInstancesAfterBackupRestoration (6ms)
Refreshing native plugins compatible for Editor in 8.75 ms, found 6 plugins.
Preloading 2 native plugins for Editor in 0.32 ms.
Unloading 104 Unused Serialized files (Serialized files now loaded: 0)
Unloading 7054 unused Assets / (13.7 MB). Loaded Objects now: 7665.
Memory consumption went from 161.7 MB to 147.9 MB.
Total: 14.374900 ms (FindLiveObjects: 0.726300 ms CreateObjectMapping: 0.664100 ms MarkObjects: 5.734000 ms  DeleteObjects: 7.249000 ms)

Prepare: number of updated asset objects reloaded= 0
